<?xml version="1.0" encoding="UTF-8"?>
<testsuite xmlns:xsi="http://www.w3.org/2001/XMLSchema-instance" xsi:noNamespaceSchemaLocation="https://maven.apache.org/surefire/maven-surefire-plugin/xsd/surefire-test-report.xsd" name="com.cloudwalk.shark.portal.SharkPortalTest" time="0.613" tests="1" errors="1" skipped="0" failures="0">
  <properties>
    <property name="sun.desktop" value="windows"/>
    <property name="awt.toolkit" value="sun.awt.windows.WToolkit"/>
    <property name="file.encoding.pkg" value="sun.io"/>
    <property name="java.specification.version" value="1.8"/>
    <property name="sun.cpu.isalist" value="amd64"/>
    <property name="sun.jnu.encoding" value="GBK"/>
    <property name="java.class.path" value="D:\workspace\shark\shark-portal\target\test-classes;D:\workspace\shark\shark-portal\target\classes;C:\Users\YCKJ1733\.m2\repository\com\fasterxml\jackson\core\jackson-core\2.9.5\jackson-core-2.9.5.jar;C:\Users\YCKJ1733\.m2\repository\org\springframework\cloud\spring-cloud-starter-netflix-eureka-server\2.0.4.BUILD-SNAPSHOT\spring-cloud-starter-netflix-eureka-server-2.0.4.BUILD-SNAPSHOT.jar;C:\Users\YCKJ1733\.m2\repository\org\springframework\cloud\spring-cloud-starter\2.0.4.BUILD-SNAPSHOT\spring-cloud-starter-2.0.4.BUILD-SNAPSHOT.jar;C:\Users\YCKJ1733\.m2\repository\org\springframework\cloud\spring-cloud-context\2.0.4.BUILD-SNAPSHOT\spring-cloud-context-2.0.4.BUILD-SNAPSHOT.jar;C:\Users\YCKJ1733\.m2\repository\org\springframework\cloud\spring-cloud-commons\2.0.4.BUILD-SNAPSHOT\spring-cloud-commons-2.0.4.BUILD-SNAPSHOT.jar;C:\Users\YCKJ1733\.m2\repository\org\springframework\cloud\spring-cloud-netflix-eureka-server\2.0.4.BUILD-SNAPSHOT\spring-cloud-netflix-eureka-server-2.0.4.BUILD-SNAPSHOT.jar;C:\Users\YCKJ1733\.m2\repository\org\springframework\boot\spring-boot-starter-actuator\2.0.2.RELEASE\spring-boot-starter-actuator-2.0.2.RELEASE.jar;C:\Users\YCKJ1733\.m2\repository\org\springframework\boot\spring-boot-actuator-autoconfigure\2.0.2.RELEASE\spring-boot-actuator-autoconfigure-2.0.2.RELEASE.jar;C:\Users\YCKJ1733\.m2\repository\org\springframework\boot\spring-boot-starter-freemarker\2.0.2.RELEASE\spring-boot-starter-freemarker-2.0.2.RELEASE.jar;C:\Users\YCKJ1733\.m2\repository\org\freemarker\freemarker\2.3.28\freemarker-2.3.28.jar;C:\Users\YCKJ1733\.m2\repository\org\springframework\cloud\spring-cloud-netflix-core\2.0.4.BUILD-SNAPSHOT\spring-cloud-netflix-core-2.0.4.BUILD-SNAPSHOT.jar;C:\Users\YCKJ1733\.m2\repository\org\springframework\boot\spring-boot-starter-aop\2.0.2.RELEASE\spring-boot-starter-aop-2.0.2.RELEASE.jar;C:\Users\YCKJ1733\.m2\repository\org\springframework\cloud\spring-cloud-netflix-eureka-client\2.0.4.BUILD-SNAPSHOT\spring-cloud-netflix-eureka-client-2.0.4.BUILD-SNAPSHOT.jar;C:\Users\YCKJ1733\.m2\repository\com\netflix\eureka\eureka-client\1.9.3\eureka-client-1.9.3.jar;C:\Users\YCKJ1733\.m2\repository\com\netflix\netflix-commons\netflix-eventbus\0.3.0\netflix-eventbus-0.3.0.jar;C:\Users\YCKJ1733\.m2\repository\com\netflix\netflix-commons\netflix-infix\0.3.0\netflix-infix-0.3.0.jar;C:\Users\YCKJ1733\.m2\repository\commons-jxpath\commons-jxpath\1.3\commons-jxpath-1.3.jar;C:\Users\YCKJ1733\.m2\repository\org\antlr\antlr-runtime\3.4\antlr-runtime-3.4.jar;C:\Users\YCKJ1733\.m2\repository\org\antlr\stringtemplate\3.2.1\stringtemplate-3.2.1.jar;C:\Users\YCKJ1733\.m2\repository\antlr\antlr\2.7.7\antlr-2.7.7.jar;C:\Users\YCKJ1733\.m2\repository\org\apache\commons\commons-math\2.2\commons-math-2.2.jar;C:\Users\YCKJ1733\.m2\repository\com\netflix\servo\servo-core\0.12.21\servo-core-0.12.21.jar;C:\Users\YCKJ1733\.m2\repository\com\sun\jersey\jersey-core\1.19.1\jersey-core-1.19.1.jar;C:\Users\YCKJ1733\.m2\repository\com\sun\jersey\jersey-client\1.19.1\jersey-client-1.19.1.jar;C:\Users\YCKJ1733\.m2\repository\com\sun\jersey\contribs\jersey-apache-client4\1.19.1\jersey-apache-client4-1.19.1.jar;C:\Users\YCKJ1733\.m2\repository\com\google\inject\guice\4.1.0\guice-4.1.0.jar;C:\Users\YCKJ1733\.m2\repository\aopalliance\aopalliance\1.0\aopalliance-1.0.jar;C:\Users\YCKJ1733\.m2\repository\com\github\vlsi\compactmap\compactmap\1.2.1\compactmap-1.2.1.jar;C:\Users\YCKJ1733\.m2\repository\com\github\andrewoma\dexx\dexx-collections\0.2\dexx-collections-0.2.jar;C:\Users\YCKJ1733\.m2\repository\com\sun\jersey\jersey-servlet\1.19.1\jersey-servlet-1.19.1.jar;C:\Users\YCKJ1733\.m2\repository\com\sun\jersey\jersey-server\1.19.1\jersey-server-1.19.1.jar;C:\Users\YCKJ1733\.m2\repository\com\netflix\eureka\eureka-core\1.9.3\eureka-core-1.9.3.jar;C:\Users\YCKJ1733\.m2\repository\org\codehaus\woodstox\woodstox-core-asl\4.4.1\woodstox-core-asl-4.4.1.jar;C:\Users\YCKJ1733\.m2\repository\javax\xml\stream\stax-api\1.0-2\stax-api-1.0-2.jar;C:\Users\YCKJ1733\.m2\repository\com\netflix\archaius\archaius-core\0.7.6\archaius-core-0.7.6.jar;C:\Users\YCKJ1733\.m2\repository\com\google\code\findbugs\jsr305\3.0.1\jsr305-3.0.1.jar;C:\Users\YCKJ1733\.m2\repository\commons-configuration\commons-configuration\1.8\commons-configuration-1.8.jar;C:\Users\YCKJ1733\.m2\repository\commons-lang\commons-lang\2.6\commons-lang-2.6.jar;C:\Users\YCKJ1733\.m2\repository\javax\inject\javax.inject\1\javax.inject-1.jar;C:\Users\YCKJ1733\.m2\repository\com\fasterxml\jackson\dataformat\jackson-dataformat-xml\2.9.5\jackson-dataformat-xml-2.9.5.jar;C:\Users\YCKJ1733\.m2\repository\com\fasterxml\jackson\module\jackson-module-jaxb-annotations\2.9.5\jackson-module-jaxb-annotations-2.9.5.jar;C:\Users\YCKJ1733\.m2\repository\org\codehaus\woodstox\stax2-api\3.1.4\stax2-api-3.1.4.jar;C:\Users\YCKJ1733\.m2\repository\com\fasterxml\woodstox\woodstox-core\5.0.3\woodstox-core-5.0.3.jar;C:\Users\YCKJ1733\.m2\repository\com\thoughtworks\xstream\xstream\1.4.10\xstream-1.4.10.jar;C:\Users\YCKJ1733\.m2\repository\xmlpull\xmlpull\1.1.3.1\xmlpull-1.1.3.1.jar;C:\Users\YCKJ1733\.m2\repository\xpp3\xpp3_min\1.1.4c\xpp3_min-1.1.4c.jar;C:\Users\YCKJ1733\.m2\repository\org\springframework\spring-test\5.0.6.RELEASE\spring-test-5.0.6.RELEASE.jar;C:\Users\YCKJ1733\.m2\repository\cn\cloudwalk\shark-service\1.0-SNAPSHOT\shark-service-1.0-SNAPSHOT.jar;C:\Users\YCKJ1733\.m2\repository\cn\cloudwalk\shark-controller\1.0-SNAPSHOT\shark-controller-1.0-SNAPSHOT.jar;C:\Users\YCKJ1733\.m2\repository\javax\validation\validation-api\2.0.1.Final\validation-api-2.0.1.Final.jar;C:\Users\YCKJ1733\.m2\repository\org\hibernate\hibernate-validator\5.4.2.Final\hibernate-validator-5.4.2.Final.jar;C:\Users\YCKJ1733\.m2\repository\org\jboss\logging\jboss-logging\3.3.2.Final\jboss-logging-3.3.2.Final.jar;C:\Users\YCKJ1733\.m2\repository\org\apache\httpcomponents\httpclient\4.5.5\httpclient-4.5.5.jar;C:\Users\YCKJ1733\.m2\repository\org\apache\httpcomponents\httpcore\4.4.9\httpcore-4.4.9.jar;C:\Users\YCKJ1733\.m2\repository\org\springframework\boot\spring-boot-actuator\2.0.2.RELEASE\spring-boot-actuator-2.0.2.RELEASE.jar;C:\Users\YCKJ1733\.m2\repository\org\springframework\boot\spring-boot\2.0.2.RELEASE\spring-boot-2.0.2.RELEASE.jar;C:\Users\YCKJ1733\.m2\repository\org\projectlombok\lombok\1.16.20\lombok-1.16.20.jar;C:\Users\YCKJ1733\.m2\repository\org\springframework\boot\spring-boot-autoconfigure\2.0.2.RELEASE\spring-boot-autoconfigure-2.0.2.RELEASE.jar;C:\Users\YCKJ1733\.m2\repository\io\micrometer\micrometer-core\1.0.4\micrometer-core-1.0.4.jar;C:\Users\YCKJ1733\.m2\repository\org\hdrhistogram\HdrHistogram\2.1.10\HdrHistogram-2.1.10.jar;C:\Users\YCKJ1733\.m2\repository\org\latencyutils\LatencyUtils\2.0.3\LatencyUtils-2.0.3.jar;C:\Users\YCKJ1733\.m2\repository\commons-io\commons-io\2.5\commons-io-2.5.jar;C:\Users\YCKJ1733\.m2\repository\javax\ws\rs\jsr311-api\1.1.1\jsr311-api-1.1.1.jar;C:\Users\YCKJ1733\.m2\repository\org\codehaus\jettison\jettison\1.4.0\jettison-1.4.0.jar;C:\Users\YCKJ1733\.m2\repository\cn\cloudwalk\shark-mybatis\1.0-SNAPSHOT\shark-mybatis-1.0-SNAPSHOT.jar;C:\Users\YCKJ1733\.m2\repository\org\springframework\spring-beans\5.0.6.RELEASE\spring-beans-5.0.6.RELEASE.jar;C:\Users\YCKJ1733\.m2\repository\com\github\pagehelper\pagehelper\4.1.4\pagehelper-4.1.4.jar;C:\Users\YCKJ1733\.m2\repository\com\github\jsqlparser\jsqlparser\0.9.5\jsqlparser-0.9.5.jar;C:\Users\YCKJ1733\.m2\repository\cn\cloudwalk\shark-common\1.0-SNAPSHOT\shark-common-1.0-SNAPSHOT.jar;C:\Users\YCKJ1733\.m2\repository\org\apache\shiro\shiro-ehcache\1.4.0\shiro-ehcache-1.4.0.jar;C:\Users\YCKJ1733\.m2\repository\org\apache\shiro\shiro-cache\1.4.0\shiro-cache-1.4.0.jar;C:\Users\YCKJ1733\.m2\repository\org\apache\shiro\shiro-lang\1.4.0\shiro-lang-1.4.0.jar;C:\Users\YCKJ1733\.m2\repository\net\sf\ehcache\ehcache-core\2.6.11\ehcache-core-2.6.11.jar;C:\Users\YCKJ1733\.m2\repository\cn\cloudwalk\shark-config\1.0-SNAPSHOT\shark-config-1.0-SNAPSHOT.jar;C:\Users\YCKJ1733\.m2\repository\com\google\code\gson\gson\2.8.4\gson-2.8.4.jar;C:\Users\YCKJ1733\.m2\repository\redis\clients\jedis\2.9.0\jedis-2.9.0.jar;C:\Users\YCKJ1733\.m2\repository\org\apache\commons\commons-pool2\2.5.0\commons-pool2-2.5.0.jar;C:\Users\YCKJ1733\.m2\repository\org\redisson\redisson\3.7.5\redisson-3.7.5.jar;C:\Users\YCKJ1733\.m2\repository\io\netty\netty-common\4.1.24.Final\netty-common-4.1.24.Final.jar;C:\Users\YCKJ1733\.m2\repository\io\netty\netty-codec\4.1.24.Final\netty-codec-4.1.24.Final.jar;C:\Users\YCKJ1733\.m2\repository\io\netty\netty-buffer\4.1.24.Final\netty-buffer-4.1.24.Final.jar;C:\Users\YCKJ1733\.m2\repository\io\netty\netty-transport\4.1.24.Final\netty-transport-4.1.24.Final.jar;C:\Users\YCKJ1733\.m2\repository\io\netty\netty-resolver\4.1.24.Final\netty-resolver-4.1.24.Final.jar;C:\Users\YCKJ1733\.m2\repository\io\netty\netty-resolver-dns\4.1.24.Final\netty-resolver-dns-4.1.24.Final.jar;C:\Users\YCKJ1733\.m2\repository\io\netty\netty-codec-dns\4.1.24.Final\netty-codec-dns-4.1.24.Final.jar;C:\Users\YCKJ1733\.m2\repository\io\netty\netty-handler\4.1.24.Final\netty-handler-4.1.24.Final.jar;C:\Users\YCKJ1733\.m2\repository\javax\cache\cache-api\1.1.0\cache-api-1.1.0.jar;C:\Users\YCKJ1733\.m2\repository\io\projectreactor\reactor-core\3.1.7.RELEASE\reactor-core-3.1.7.RELEASE.jar;C:\Users\YCKJ1733\.m2\repository\org\reactivestreams\reactive-streams\1.0.2\reactive-streams-1.0.2.jar;C:\Users\YCKJ1733\.m2\repository\com\fasterxml\jackson\dataformat\jackson-dataformat-yaml\2.9.5\jackson-dataformat-yaml-2.9.5.jar;C:\Users\YCKJ1733\.m2\repository\net\bytebuddy\byte-buddy\1.7.11\byte-buddy-1.7.11.jar;C:\Users\YCKJ1733\.m2\repository\org\jodd\jodd-bean\3.7.1\jodd-bean-3.7.1.jar;C:\Users\YCKJ1733\.m2\repository\org\jodd\jodd-core\3.7.1\jodd-core-3.7.1.jar;C:\Users\YCKJ1733\.m2\repository\javax\servlet\javax.servlet-api\3.1.0\javax.servlet-api-3.1.0.jar;C:\Users\YCKJ1733\.m2\repository\org\springframework\data\spring-data-redis\2.0.7.RELEASE\spring-data-redis-2.0.7.RELEASE.jar;C:\Users\YCKJ1733\.m2\repository\org\springframework\data\spring-data-keyvalue\2.0.7.RELEASE\spring-data-keyvalue-2.0.7.RELEASE.jar;C:\Users\YCKJ1733\.m2\repository\org\springframework\data\spring-data-commons\2.0.7.RELEASE\spring-data-commons-2.0.7.RELEASE.jar;C:\Users\YCKJ1733\.m2\repository\org\springframework\spring-oxm\5.0.6.RELEASE\spring-oxm-5.0.6.RELEASE.jar;C:\Users\YCKJ1733\.m2\repository\org\springframework\spring-context-support\5.0.6.RELEASE\spring-context-support-5.0.6.RELEASE.jar;C:\Users\YCKJ1733\.m2\repository\com\alibaba\fastjson\1.2.8\fastjson-1.2.8.jar;C:\Users\YCKJ1733\.m2\repository\org\springframework\spring-webmvc\5.0.6.RELEASE\spring-webmvc-5.0.6.RELEASE.jar;C:\Users\YCKJ1733\.m2\repository\org\springframework\spring-aop\5.0.6.RELEASE\spring-aop-5.0.6.RELEASE.jar;C:\Users\YCKJ1733\.m2\repository\org\springframework\spring-expression\5.0.6.RELEASE\spring-expression-5.0.6.RELEASE.jar;C:\Users\YCKJ1733\.m2\repository\org\springframework\spring-web\5.0.6.RELEASE\spring-web-5.0.6.RELEASE.jar;C:\Users\YCKJ1733\.m2\repository\org\springframework\spring-tx\4.3.6.RELEASE\spring-tx-4.3.6.RELEASE.jar;C:\Users\YCKJ1733\.m2\repository\org\springframework\spring-jdbc\4.3.6.RELEASE\spring-jdbc-4.3.6.RELEASE.jar;C:\Users\YCKJ1733\.m2\repository\org\springframework\spring-core\5.0.6.RELEASE\spring-core-5.0.6.RELEASE.jar;C:\Users\YCKJ1733\.m2\repository\org\springframework\spring-jcl\5.0.6.RELEASE\spring-jcl-5.0.6.RELEASE.jar;C:\Users\YCKJ1733\.m2\repository\org\springframework\spring-context\5.0.6.RELEASE\spring-context-5.0.6.RELEASE.jar;C:\Users\YCKJ1733\.m2\repository\junit\junit\4.12\junit-4.12.jar;C:\Users\YCKJ1733\.m2\repository\org\hamcrest\hamcrest-core\1.3\hamcrest-core-1.3.jar;C:\Users\YCKJ1733\.m2\repository\mysql\mysql-connector-java\5.1.39\mysql-connector-java-5.1.39.jar;C:\Users\YCKJ1733\.m2\repository\c3p0\c3p0\0.9.1.1\c3p0-0.9.1.1.jar;C:\Users\YCKJ1733\.m2\repository\org\mybatis\mybatis\3.4.1\mybatis-3.4.1.jar;C:\Users\YCKJ1733\.m2\repository\org\mybatis\mybatis-spring\2.0.0\mybatis-spring-2.0.0.jar;C:\Users\YCKJ1733\.m2\repository\org\aspectj\aspectjweaver\1.8.12\aspectjweaver-1.8.12.jar;C:\Users\YCKJ1733\.m2\repository\com\auth0\java-jwt\3.4.0\java-jwt-3.4.0.jar;C:\Users\YCKJ1733\.m2\repository\com\fasterxml\jackson\core\jackson-databind\2.9.5\jackson-databind-2.9.5.jar;C:\Users\YCKJ1733\.m2\repository\com\fasterxml\jackson\core\jackson-annotations\2.9.0\jackson-annotations-2.9.0.jar;C:\Users\YCKJ1733\.m2\repository\commons-codec\commons-codec\1.11\commons-codec-1.11.jar;C:\Users\YCKJ1733\.m2\repository\io\jsonwebtoken\jjwt\0.9.1\jjwt-0.9.1.jar;C:\Users\YCKJ1733\.m2\repository\joda-time\joda-time\2.7\joda-time-2.7.jar;C:\Users\YCKJ1733\.m2\repository\org\apache\commons\commons-lang3\3.8.1\commons-lang3-3.8.1.jar;C:\Users\YCKJ1733\.m2\repository\io\springfox\springfox-swagger2\2.2.2\springfox-swagger2-2.2.2.jar;C:\Users\YCKJ1733\.m2\repository\org\mapstruct\mapstruct\1.0.0.CR1\mapstruct-1.0.0.CR1.jar;C:\Users\YCKJ1733\.m2\repository\io\swagger\swagger-annotations\1.5.3\swagger-annotations-1.5.3.jar;C:\Users\YCKJ1733\.m2\repository\io\swagger\swagger-models\1.5.3\swagger-models-1.5.3.jar;C:\Users\YCKJ1733\.m2\repository\io\springfox\springfox-spi\2.2.2\springfox-spi-2.2.2.jar;C:\Users\YCKJ1733\.m2\repository\io\springfox\springfox-core\2.2.2\springfox-core-2.2.2.jar;C:\Users\YCKJ1733\.m2\repository\io\springfox\springfox-schema\2.2.2\springfox-schema-2.2.2.jar;C:\Users\YCKJ1733\.m2\repository\io\springfox\springfox-swagger-common\2.2.2\springfox-swagger-common-2.2.2.jar;C:\Users\YCKJ1733\.m2\repository\io\springfox\springfox-spring-web\2.2.2\springfox-spring-web-2.2.2.jar;C:\Users\YCKJ1733\.m2\repository\com\google\guava\guava\18.0\guava-18.0.jar;C:\Users\YCKJ1733\.m2\repository\com\fasterxml\classmate\1.3.4\classmate-1.3.4.jar;C:\Users\YCKJ1733\.m2\repository\org\aspectj\aspectjrt\1.8.13\aspectjrt-1.8.13.jar;C:\Users\YCKJ1733\.m2\repository\org\springframework\plugin\spring-plugin-core\1.2.0.RELEASE\spring-plugin-core-1.2.0.RELEASE.jar;C:\Users\YCKJ1733\.m2\repository\org\springframework\plugin\spring-plugin-metadata\1.2.0.RELEASE\spring-plugin-metadata-1.2.0.RELEASE.jar;C:\Users\YCKJ1733\.m2\repository\org\springframework\hateoas\spring-hateoas\0.24.0.RELEASE\spring-hateoas-0.24.0.RELEASE.jar;C:\Users\YCKJ1733\.m2\repository\io\springfox\springfox-swagger-ui\2.2.2\springfox-swagger-ui-2.2.2.jar;C:\Users\YCKJ1733\.m2\repository\org\slf4j\slf4j-api\1.7.7\slf4j-api-1.7.7.jar;C:\Users\YCKJ1733\.m2\repository\ch\qos\logback\logback-core\1.1.7\logback-core-1.1.7.jar;C:\Users\YCKJ1733\.m2\repository\ch\qos\logback\logback-access\1.1.7\logback-access-1.1.7.jar;C:\Users\YCKJ1733\.m2\repository\ch\qos\logback\logback-classic\1.1.7\logback-classic-1.1.7.jar;C:\Users\YCKJ1733\.m2\repository\org\springframework\boot\spring-boot-starter-web\2.0.2.RELEASE\spring-boot-starter-web-2.0.2.RELEASE.jar;C:\Users\YCKJ1733\.m2\repository\org\springframework\boot\spring-boot-starter\2.0.2.RELEASE\spring-boot-starter-2.0.2.RELEASE.jar;C:\Users\YCKJ1733\.m2\repository\org\springframework\boot\spring-boot-starter-logging\2.0.2.RELEASE\spring-boot-starter-logging-2.0.2.RELEASE.jar;C:\Users\YCKJ1733\.m2\repository\org\apache\logging\log4j\log4j-to-slf4j\2.10.0\log4j-to-slf4j-2.10.0.jar;C:\Users\YCKJ1733\.m2\repository\org\apache\logging\log4j\log4j-api\2.10.0\log4j-api-2.10.0.jar;C:\Users\YCKJ1733\.m2\repository\org\slf4j\jul-to-slf4j\1.7.25\jul-to-slf4j-1.7.25.jar;C:\Users\YCKJ1733\.m2\repository\javax\annotation\javax.annotation-api\1.3.2\javax.annotation-api-1.3.2.jar;C:\Users\YCKJ1733\.m2\repository\org\yaml\snakeyaml\1.19\snakeyaml-1.19.jar;C:\Users\YCKJ1733\.m2\repository\org\springframework\boot\spring-boot-starter-json\2.0.2.RELEASE\spring-boot-starter-json-2.0.2.RELEASE.jar;C:\Users\YCKJ1733\.m2\repository\com\fasterxml\jackson\datatype\jackson-datatype-jdk8\2.9.5\jackson-datatype-jdk8-2.9.5.jar;C:\Users\YCKJ1733\.m2\repository\com\fasterxml\jackson\datatype\jackson-datatype-jsr310\2.9.5\jackson-datatype-jsr310-2.9.5.jar;C:\Users\YCKJ1733\.m2\repository\com\fasterxml\jackson\module\jackson-module-parameter-names\2.9.5\jackson-module-parameter-names-2.9.5.jar;C:\Users\YCKJ1733\.m2\repository\org\springframework\boot\spring-boot-starter-tomcat\2.0.2.RELEASE\spring-boot-starter-tomcat-2.0.2.RELEASE.jar;C:\Users\YCKJ1733\.m2\repository\org\apache\tomcat\embed\tomcat-embed-core\8.5.31\tomcat-embed-core-8.5.31.jar;C:\Users\YCKJ1733\.m2\repository\org\apache\tomcat\embed\tomcat-embed-el\8.5.31\tomcat-embed-el-8.5.31.jar;C:\Users\YCKJ1733\.m2\repository\org\apache\tomcat\embed\tomcat-embed-websocket\8.5.31\tomcat-embed-websocket-8.5.31.jar;C:\Users\YCKJ1733\.m2\repository\org\hibernate\validator\hibernate-validator\6.0.9.Final\hibernate-validator-6.0.9.Final.jar;"/>
    <property name="java.vm.vendor" value="Oracle Corporation"/>
    <property name="sun.arch.data.model" value="64"/>
    <property name="user.variant" value=""/>
    <property name="java.vendor.url" value="http://java.oracle.com/"/>
    <property name="user.timezone" value=""/>
    <property name="java.vm.specification.version" value="1.8"/>
    <property name="os.name" value="Windows 10"/>
    <property name="user.country" value="CN"/>
    <property name="sun.java.launcher" value="SUN_STANDARD"/>
    <property name="sun.boot.library.path" value="C:\Program Files\java\jdk1.8.0_201\jre\bin"/>
    <property name="sun.java.command" value="C:\Users\YCKJ1733\AppData\Local\Temp\surefire6533761659104774295\surefirebooter2695543236841171926.jar C:\Users\YCKJ1733\AppData\Local\Temp\surefire6533761659104774295 2019-06-06T14-16-22_305-jvmRun1 surefire6496421133058213222tmp surefire_03824070334763509169tmp"/>
    <property name="surefire.test.class.path" value="D:\workspace\shark\shark-portal\target\test-classes;D:\workspace\shark\shark-portal\target\classes;C:\Users\YCKJ1733\.m2\repository\com\fasterxml\jackson\core\jackson-core\2.9.5\jackson-core-2.9.5.jar;C:\Users\YCKJ1733\.m2\repository\org\springframework\cloud\spring-cloud-starter-netflix-eureka-server\2.0.4.BUILD-SNAPSHOT\spring-cloud-starter-netflix-eureka-server-2.0.4.BUILD-SNAPSHOT.jar;C:\Users\YCKJ1733\.m2\repository\org\springframework\cloud\spring-cloud-starter\2.0.4.BUILD-SNAPSHOT\spring-cloud-starter-2.0.4.BUILD-SNAPSHOT.jar;C:\Users\YCKJ1733\.m2\repository\org\springframework\cloud\spring-cloud-context\2.0.4.BUILD-SNAPSHOT\spring-cloud-context-2.0.4.BUILD-SNAPSHOT.jar;C:\Users\YCKJ1733\.m2\repository\org\springframework\cloud\spring-cloud-commons\2.0.4.BUILD-SNAPSHOT\spring-cloud-commons-2.0.4.BUILD-SNAPSHOT.jar;C:\Users\YCKJ1733\.m2\repository\org\springframework\cloud\spring-cloud-netflix-eureka-server\2.0.4.BUILD-SNAPSHOT\spring-cloud-netflix-eureka-server-2.0.4.BUILD-SNAPSHOT.jar;C:\Users\YCKJ1733\.m2\repository\org\springframework\boot\spring-boot-starter-actuator\2.0.2.RELEASE\spring-boot-starter-actuator-2.0.2.RELEASE.jar;C:\Users\YCKJ1733\.m2\repository\org\springframework\boot\spring-boot-actuator-autoconfigure\2.0.2.RELEASE\spring-boot-actuator-autoconfigure-2.0.2.RELEASE.jar;C:\Users\YCKJ1733\.m2\repository\org\springframework\boot\spring-boot-starter-freemarker\2.0.2.RELEASE\spring-boot-starter-freemarker-2.0.2.RELEASE.jar;C:\Users\YCKJ1733\.m2\repository\org\freemarker\freemarker\2.3.28\freemarker-2.3.28.jar;C:\Users\YCKJ1733\.m2\repository\org\springframework\cloud\spring-cloud-netflix-core\2.0.4.BUILD-SNAPSHOT\spring-cloud-netflix-core-2.0.4.BUILD-SNAPSHOT.jar;C:\Users\YCKJ1733\.m2\repository\org\springframework\boot\spring-boot-starter-aop\2.0.2.RELEASE\spring-boot-starter-aop-2.0.2.RELEASE.jar;C:\Users\YCKJ1733\.m2\repository\org\springframework\cloud\spring-cloud-netflix-eureka-client\2.0.4.BUILD-SNAPSHOT\spring-cloud-netflix-eureka-client-2.0.4.BUILD-SNAPSHOT.jar;C:\Users\YCKJ1733\.m2\repository\com\netflix\eureka\eureka-client\1.9.3\eureka-client-1.9.3.jar;C:\Users\YCKJ1733\.m2\repository\com\netflix\netflix-commons\netflix-eventbus\0.3.0\netflix-eventbus-0.3.0.jar;C:\Users\YCKJ1733\.m2\repository\com\netflix\netflix-commons\netflix-infix\0.3.0\netflix-infix-0.3.0.jar;C:\Users\YCKJ1733\.m2\repository\commons-jxpath\commons-jxpath\1.3\commons-jxpath-1.3.jar;C:\Users\YCKJ1733\.m2\repository\org\antlr\antlr-runtime\3.4\antlr-runtime-3.4.jar;C:\Users\YCKJ1733\.m2\repository\org\antlr\stringtemplate\3.2.1\stringtemplate-3.2.1.jar;C:\Users\YCKJ1733\.m2\repository\antlr\antlr\2.7.7\antlr-2.7.7.jar;C:\Users\YCKJ1733\.m2\repository\org\apache\commons\commons-math\2.2\commons-math-2.2.jar;C:\Users\YCKJ1733\.m2\repository\com\netflix\servo\servo-core\0.12.21\servo-core-0.12.21.jar;C:\Users\YCKJ1733\.m2\repository\com\sun\jersey\jersey-core\1.19.1\jersey-core-1.19.1.jar;C:\Users\YCKJ1733\.m2\repository\com\sun\jersey\jersey-client\1.19.1\jersey-client-1.19.1.jar;C:\Users\YCKJ1733\.m2\repository\com\sun\jersey\contribs\jersey-apache-client4\1.19.1\jersey-apache-client4-1.19.1.jar;C:\Users\YCKJ1733\.m2\repository\com\google\inject\guice\4.1.0\guice-4.1.0.jar;C:\Users\YCKJ1733\.m2\repository\aopalliance\aopalliance\1.0\aopalliance-1.0.jar;C:\Users\YCKJ1733\.m2\repository\com\github\vlsi\compactmap\compactmap\1.2.1\compactmap-1.2.1.jar;C:\Users\YCKJ1733\.m2\repository\com\github\andrewoma\dexx\dexx-collections\0.2\dexx-collections-0.2.jar;C:\Users\YCKJ1733\.m2\repository\com\sun\jersey\jersey-servlet\1.19.1\jersey-servlet-1.19.1.jar;C:\Users\YCKJ1733\.m2\repository\com\sun\jersey\jersey-server\1.19.1\jersey-server-1.19.1.jar;C:\Users\YCKJ1733\.m2\repository\com\netflix\eureka\eureka-core\1.9.3\eureka-core-1.9.3.jar;C:\Users\YCKJ1733\.m2\repository\org\codehaus\woodstox\woodstox-core-asl\4.4.1\woodstox-core-asl-4.4.1.jar;C:\Users\YCKJ1733\.m2\repository\javax\xml\stream\stax-api\1.0-2\stax-api-1.0-2.jar;C:\Users\YCKJ1733\.m2\repository\com\netflix\archaius\archaius-core\0.7.6\archaius-core-0.7.6.jar;C:\Users\YCKJ1733\.m2\repository\com\google\code\findbugs\jsr305\3.0.1\jsr305-3.0.1.jar;C:\Users\YCKJ1733\.m2\repository\commons-configuration\commons-configuration\1.8\commons-configuration-1.8.jar;C:\Users\YCKJ1733\.m2\repository\commons-lang\commons-lang\2.6\commons-lang-2.6.jar;C:\Users\YCKJ1733\.m2\repository\javax\inject\javax.inject\1\javax.inject-1.jar;C:\Users\YCKJ1733\.m2\repository\com\fasterxml\jackson\dataformat\jackson-dataformat-xml\2.9.5\jackson-dataformat-xml-2.9.5.jar;C:\Users\YCKJ1733\.m2\repository\com\fasterxml\jackson\module\jackson-module-jaxb-annotations\2.9.5\jackson-module-jaxb-annotations-2.9.5.jar;C:\Users\YCKJ1733\.m2\repository\org\codehaus\woodstox\stax2-api\3.1.4\stax2-api-3.1.4.jar;C:\Users\YCKJ1733\.m2\repository\com\fasterxml\woodstox\woodstox-core\5.0.3\woodstox-core-5.0.3.jar;C:\Users\YCKJ1733\.m2\repository\com\thoughtworks\xstream\xstream\1.4.10\xstream-1.4.10.jar;C:\Users\YCKJ1733\.m2\repository\xmlpull\xmlpull\1.1.3.1\xmlpull-1.1.3.1.jar;C:\Users\YCKJ1733\.m2\repository\xpp3\xpp3_min\1.1.4c\xpp3_min-1.1.4c.jar;C:\Users\YCKJ1733\.m2\repository\org\springframework\spring-test\5.0.6.RELEASE\spring-test-5.0.6.RELEASE.jar;C:\Users\YCKJ1733\.m2\repository\cn\cloudwalk\shark-service\1.0-SNAPSHOT\shark-service-1.0-SNAPSHOT.jar;C:\Users\YCKJ1733\.m2\repository\cn\cloudwalk\shark-controller\1.0-SNAPSHOT\shark-controller-1.0-SNAPSHOT.jar;C:\Users\YCKJ1733\.m2\repository\javax\validation\validation-api\2.0.1.Final\validation-api-2.0.1.Final.jar;C:\Users\YCKJ1733\.m2\repository\org\hibernate\hibernate-validator\5.4.2.Final\hibernate-validator-5.4.2.Final.jar;C:\Users\YCKJ1733\.m2\repository\org\jboss\logging\jboss-logging\3.3.2.Final\jboss-logging-3.3.2.Final.jar;C:\Users\YCKJ1733\.m2\repository\org\apache\httpcomponents\httpclient\4.5.5\httpclient-4.5.5.jar;C:\Users\YCKJ1733\.m2\repository\org\apache\httpcomponents\httpcore\4.4.9\httpcore-4.4.9.jar;C:\Users\YCKJ1733\.m2\repository\org\springframework\boot\spring-boot-actuator\2.0.2.RELEASE\spring-boot-actuator-2.0.2.RELEASE.jar;C:\Users\YCKJ1733\.m2\repository\org\springframework\boot\spring-boot\2.0.2.RELEASE\spring-boot-2.0.2.RELEASE.jar;C:\Users\YCKJ1733\.m2\repository\org\projectlombok\lombok\1.16.20\lombok-1.16.20.jar;C:\Users\YCKJ1733\.m2\repository\org\springframework\boot\spring-boot-autoconfigure\2.0.2.RELEASE\spring-boot-autoconfigure-2.0.2.RELEASE.jar;C:\Users\YCKJ1733\.m2\repository\io\micrometer\micrometer-core\1.0.4\micrometer-core-1.0.4.jar;C:\Users\YCKJ1733\.m2\repository\org\hdrhistogram\HdrHistogram\2.1.10\HdrHistogram-2.1.10.jar;C:\Users\YCKJ1733\.m2\repository\org\latencyutils\LatencyUtils\2.0.3\LatencyUtils-2.0.3.jar;C:\Users\YCKJ1733\.m2\repository\commons-io\commons-io\2.5\commons-io-2.5.jar;C:\Users\YCKJ1733\.m2\repository\javax\ws\rs\jsr311-api\1.1.1\jsr311-api-1.1.1.jar;C:\Users\YCKJ1733\.m2\repository\org\codehaus\jettison\jettison\1.4.0\jettison-1.4.0.jar;C:\Users\YCKJ1733\.m2\repository\cn\cloudwalk\shark-mybatis\1.0-SNAPSHOT\shark-mybatis-1.0-SNAPSHOT.jar;C:\Users\YCKJ1733\.m2\repository\org\springframework\spring-beans\5.0.6.RELEASE\spring-beans-5.0.6.RELEASE.jar;C:\Users\YCKJ1733\.m2\repository\com\github\pagehelper\pagehelper\4.1.4\pagehelper-4.1.4.jar;C:\Users\YCKJ1733\.m2\repository\com\github\jsqlparser\jsqlparser\0.9.5\jsqlparser-0.9.5.jar;C:\Users\YCKJ1733\.m2\repository\cn\cloudwalk\shark-common\1.0-SNAPSHOT\shark-common-1.0-SNAPSHOT.jar;C:\Users\YCKJ1733\.m2\repository\org\apache\shiro\shiro-ehcache\1.4.0\shiro-ehcache-1.4.0.jar;C:\Users\YCKJ1733\.m2\repository\org\apache\shiro\shiro-cache\1.4.0\shiro-cache-1.4.0.jar;C:\Users\YCKJ1733\.m2\repository\org\apache\shiro\shiro-lang\1.4.0\shiro-lang-1.4.0.jar;C:\Users\YCKJ1733\.m2\repository\net\sf\ehcache\ehcache-core\2.6.11\ehcache-core-2.6.11.jar;C:\Users\YCKJ1733\.m2\repository\cn\cloudwalk\shark-config\1.0-SNAPSHOT\shark-config-1.0-SNAPSHOT.jar;C:\Users\YCKJ1733\.m2\repository\com\google\code\gson\gson\2.8.4\gson-2.8.4.jar;C:\Users\YCKJ1733\.m2\repository\redis\clients\jedis\2.9.0\jedis-2.9.0.jar;C:\Users\YCKJ1733\.m2\repository\org\apache\commons\commons-pool2\2.5.0\commons-pool2-2.5.0.jar;C:\Users\YCKJ1733\.m2\repository\org\redisson\redisson\3.7.5\redisson-3.7.5.jar;C:\Users\YCKJ1733\.m2\repository\io\netty\netty-common\4.1.24.Final\netty-common-4.1.24.Final.jar;C:\Users\YCKJ1733\.m2\repository\io\netty\netty-codec\4.1.24.Final\netty-codec-4.1.24.Final.jar;C:\Users\YCKJ1733\.m2\repository\io\netty\netty-buffer\4.1.24.Final\netty-buffer-4.1.24.Final.jar;C:\Users\YCKJ1733\.m2\repository\io\netty\netty-transport\4.1.24.Final\netty-transport-4.1.24.Final.jar;C:\Users\YCKJ1733\.m2\repository\io\netty\netty-resolver\4.1.24.Final\netty-resolver-4.1.24.Final.jar;C:\Users\YCKJ1733\.m2\repository\io\netty\netty-resolver-dns\4.1.24.Final\netty-resolver-dns-4.1.24.Final.jar;C:\Users\YCKJ1733\.m2\repository\io\netty\netty-codec-dns\4.1.24.Final\netty-codec-dns-4.1.24.Final.jar;C:\Users\YCKJ1733\.m2\repository\io\netty\netty-handler\4.1.24.Final\netty-handler-4.1.24.Final.jar;C:\Users\YCKJ1733\.m2\repository\javax\cache\cache-api\1.1.0\cache-api-1.1.0.jar;C:\Users\YCKJ1733\.m2\repository\io\projectreactor\reactor-core\3.1.7.RELEASE\reactor-core-3.1.7.RELEASE.jar;C:\Users\YCKJ1733\.m2\repository\org\reactivestreams\reactive-streams\1.0.2\reactive-streams-1.0.2.jar;C:\Users\YCKJ1733\.m2\repository\com\fasterxml\jackson\dataformat\jackson-dataformat-yaml\2.9.5\jackson-dataformat-yaml-2.9.5.jar;C:\Users\YCKJ1733\.m2\repository\net\bytebuddy\byte-buddy\1.7.11\byte-buddy-1.7.11.jar;C:\Users\YCKJ1733\.m2\repository\org\jodd\jodd-bean\3.7.1\jodd-bean-3.7.1.jar;C:\Users\YCKJ1733\.m2\repository\org\jodd\jodd-core\3.7.1\jodd-core-3.7.1.jar;C:\Users\YCKJ1733\.m2\repository\javax\servlet\javax.servlet-api\3.1.0\javax.servlet-api-3.1.0.jar;C:\Users\YCKJ1733\.m2\repository\org\springframework\data\spring-data-redis\2.0.7.RELEASE\spring-data-redis-2.0.7.RELEASE.jar;C:\Users\YCKJ1733\.m2\repository\org\springframework\data\spring-data-keyvalue\2.0.7.RELEASE\spring-data-keyvalue-2.0.7.RELEASE.jar;C:\Users\YCKJ1733\.m2\repository\org\springframework\data\spring-data-commons\2.0.7.RELEASE\spring-data-commons-2.0.7.RELEASE.jar;C:\Users\YCKJ1733\.m2\repository\org\springframework\spring-oxm\5.0.6.RELEASE\spring-oxm-5.0.6.RELEASE.jar;C:\Users\YCKJ1733\.m2\repository\org\springframework\spring-context-support\5.0.6.RELEASE\spring-context-support-5.0.6.RELEASE.jar;C:\Users\YCKJ1733\.m2\repository\com\alibaba\fastjson\1.2.8\fastjson-1.2.8.jar;C:\Users\YCKJ1733\.m2\repository\org\springframework\spring-webmvc\5.0.6.RELEASE\spring-webmvc-5.0.6.RELEASE.jar;C:\Users\YCKJ1733\.m2\repository\org\springframework\spring-aop\5.0.6.RELEASE\spring-aop-5.0.6.RELEASE.jar;C:\Users\YCKJ1733\.m2\repository\org\springframework\spring-expression\5.0.6.RELEASE\spring-expression-5.0.6.RELEASE.jar;C:\Users\YCKJ1733\.m2\repository\org\springframework\spring-web\5.0.6.RELEASE\spring-web-5.0.6.RELEASE.jar;C:\Users\YCKJ1733\.m2\repository\org\springframework\spring-tx\4.3.6.RELEASE\spring-tx-4.3.6.RELEASE.jar;C:\Users\YCKJ1733\.m2\repository\org\springframework\spring-jdbc\4.3.6.RELEASE\spring-jdbc-4.3.6.RELEASE.jar;C:\Users\YCKJ1733\.m2\repository\org\springframework\spring-core\5.0.6.RELEASE\spring-core-5.0.6.RELEASE.jar;C:\Users\YCKJ1733\.m2\repository\org\springframework\spring-jcl\5.0.6.RELEASE\spring-jcl-5.0.6.RELEASE.jar;C:\Users\YCKJ1733\.m2\repository\org\springframework\spring-context\5.0.6.RELEASE\spring-context-5.0.6.RELEASE.jar;C:\Users\YCKJ1733\.m2\repository\junit\junit\4.12\junit-4.12.jar;C:\Users\YCKJ1733\.m2\repository\org\hamcrest\hamcrest-core\1.3\hamcrest-core-1.3.jar;C:\Users\YCKJ1733\.m2\repository\mysql\mysql-connector-java\5.1.39\mysql-connector-java-5.1.39.jar;C:\Users\YCKJ1733\.m2\repository\c3p0\c3p0\0.9.1.1\c3p0-0.9.1.1.jar;C:\Users\YCKJ1733\.m2\repository\org\mybatis\mybatis\3.4.1\mybatis-3.4.1.jar;C:\Users\YCKJ1733\.m2\repository\org\mybatis\mybatis-spring\2.0.0\mybatis-spring-2.0.0.jar;C:\Users\YCKJ1733\.m2\repository\org\aspectj\aspectjweaver\1.8.12\aspectjweaver-1.8.12.jar;C:\Users\YCKJ1733\.m2\repository\com\auth0\java-jwt\3.4.0\java-jwt-3.4.0.jar;C:\Users\YCKJ1733\.m2\repository\com\fasterxml\jackson\core\jackson-databind\2.9.5\jackson-databind-2.9.5.jar;C:\Users\YCKJ1733\.m2\repository\com\fasterxml\jackson\core\jackson-annotations\2.9.0\jackson-annotations-2.9.0.jar;C:\Users\YCKJ1733\.m2\repository\commons-codec\commons-codec\1.11\commons-codec-1.11.jar;C:\Users\YCKJ1733\.m2\repository\io\jsonwebtoken\jjwt\0.9.1\jjwt-0.9.1.jar;C:\Users\YCKJ1733\.m2\repository\joda-time\joda-time\2.7\joda-time-2.7.jar;C:\Users\YCKJ1733\.m2\repository\org\apache\commons\commons-lang3\3.8.1\commons-lang3-3.8.1.jar;C:\Users\YCKJ1733\.m2\repository\io\springfox\springfox-swagger2\2.2.2\springfox-swagger2-2.2.2.jar;C:\Users\YCKJ1733\.m2\repository\org\mapstruct\mapstruct\1.0.0.CR1\mapstruct-1.0.0.CR1.jar;C:\Users\YCKJ1733\.m2\repository\io\swagger\swagger-annotations\1.5.3\swagger-annotations-1.5.3.jar;C:\Users\YCKJ1733\.m2\repository\io\swagger\swagger-models\1.5.3\swagger-models-1.5.3.jar;C:\Users\YCKJ1733\.m2\repository\io\springfox\springfox-spi\2.2.2\springfox-spi-2.2.2.jar;C:\Users\YCKJ1733\.m2\repository\io\springfox\springfox-core\2.2.2\springfox-core-2.2.2.jar;C:\Users\YCKJ1733\.m2\repository\io\springfox\springfox-schema\2.2.2\springfox-schema-2.2.2.jar;C:\Users\YCKJ1733\.m2\repository\io\springfox\springfox-swagger-common\2.2.2\springfox-swagger-common-2.2.2.jar;C:\Users\YCKJ1733\.m2\repository\io\springfox\springfox-spring-web\2.2.2\springfox-spring-web-2.2.2.jar;C:\Users\YCKJ1733\.m2\repository\com\google\guava\guava\18.0\guava-18.0.jar;C:\Users\YCKJ1733\.m2\repository\com\fasterxml\classmate\1.3.4\classmate-1.3.4.jar;C:\Users\YCKJ1733\.m2\repository\org\aspectj\aspectjrt\1.8.13\aspectjrt-1.8.13.jar;C:\Users\YCKJ1733\.m2\repository\org\springframework\plugin\spring-plugin-core\1.2.0.RELEASE\spring-plugin-core-1.2.0.RELEASE.jar;C:\Users\YCKJ1733\.m2\repository\org\springframework\plugin\spring-plugin-metadata\1.2.0.RELEASE\spring-plugin-metadata-1.2.0.RELEASE.jar;C:\Users\YCKJ1733\.m2\repository\org\springframework\hateoas\spring-hateoas\0.24.0.RELEASE\spring-hateoas-0.24.0.RELEASE.jar;C:\Users\YCKJ1733\.m2\repository\io\springfox\springfox-swagger-ui\2.2.2\springfox-swagger-ui-2.2.2.jar;C:\Users\YCKJ1733\.m2\repository\org\slf4j\slf4j-api\1.7.7\slf4j-api-1.7.7.jar;C:\Users\YCKJ1733\.m2\repository\ch\qos\logback\logback-core\1.1.7\logback-core-1.1.7.jar;C:\Users\YCKJ1733\.m2\repository\ch\qos\logback\logback-access\1.1.7\logback-access-1.1.7.jar;C:\Users\YCKJ1733\.m2\repository\ch\qos\logback\logback-classic\1.1.7\logback-classic-1.1.7.jar;C:\Users\YCKJ1733\.m2\repository\org\springframework\boot\spring-boot-starter-web\2.0.2.RELEASE\spring-boot-starter-web-2.0.2.RELEASE.jar;C:\Users\YCKJ1733\.m2\repository\org\springframework\boot\spring-boot-starter\2.0.2.RELEASE\spring-boot-starter-2.0.2.RELEASE.jar;C:\Users\YCKJ1733\.m2\repository\org\springframework\boot\spring-boot-starter-logging\2.0.2.RELEASE\spring-boot-starter-logging-2.0.2.RELEASE.jar;C:\Users\YCKJ1733\.m2\repository\org\apache\logging\log4j\log4j-to-slf4j\2.10.0\log4j-to-slf4j-2.10.0.jar;C:\Users\YCKJ1733\.m2\repository\org\apache\logging\log4j\log4j-api\2.10.0\log4j-api-2.10.0.jar;C:\Users\YCKJ1733\.m2\repository\org\slf4j\jul-to-slf4j\1.7.25\jul-to-slf4j-1.7.25.jar;C:\Users\YCKJ1733\.m2\repository\javax\annotation\javax.annotation-api\1.3.2\javax.annotation-api-1.3.2.jar;C:\Users\YCKJ1733\.m2\repository\org\yaml\snakeyaml\1.19\snakeyaml-1.19.jar;C:\Users\YCKJ1733\.m2\repository\org\springframework\boot\spring-boot-starter-json\2.0.2.RELEASE\spring-boot-starter-json-2.0.2.RELEASE.jar;C:\Users\YCKJ1733\.m2\repository\com\fasterxml\jackson\datatype\jackson-datatype-jdk8\2.9.5\jackson-datatype-jdk8-2.9.5.jar;C:\Users\YCKJ1733\.m2\repository\com\fasterxml\jackson\datatype\jackson-datatype-jsr310\2.9.5\jackson-datatype-jsr310-2.9.5.jar;C:\Users\YCKJ1733\.m2\repository\com\fasterxml\jackson\module\jackson-module-parameter-names\2.9.5\jackson-module-parameter-names-2.9.5.jar;C:\Users\YCKJ1733\.m2\repository\org\springframework\boot\spring-boot-starter-tomcat\2.0.2.RELEASE\spring-boot-starter-tomcat-2.0.2.RELEASE.jar;C:\Users\YCKJ1733\.m2\repository\org\apache\tomcat\embed\tomcat-embed-core\8.5.31\tomcat-embed-core-8.5.31.jar;C:\Users\YCKJ1733\.m2\repository\org\apache\tomcat\embed\tomcat-embed-el\8.5.31\tomcat-embed-el-8.5.31.jar;C:\Users\YCKJ1733\.m2\repository\org\apache\tomcat\embed\tomcat-embed-websocket\8.5.31\tomcat-embed-websocket-8.5.31.jar;C:\Users\YCKJ1733\.m2\repository\org\hibernate\validator\hibernate-validator\6.0.9.Final\hibernate-validator-6.0.9.Final.jar;"/>
    <property name="sun.cpu.endian" value="little"/>
    <property name="user.home" value="C:\Users\YCKJ1733"/>
    <property name="user.language" value="zh"/>
    <property name="java.specification.vendor" value="Oracle Corporation"/>
    <property name="java.home" value="C:\Program Files\java\jdk1.8.0_201\jre"/>
    <property name="basedir" value="D:\workspace\shark\shark-portal"/>
    <property name="file.separator" value="\"/>
    <property name="line.separator" value="&#10;"/>
    <property name="java.vm.specification.vendor" value="Oracle Corporation"/>
    <property name="java.specification.name" value="Java Platform API Specification"/>
    <property name="java.awt.graphicsenv" value="sun.awt.Win32GraphicsEnvironment"/>
    <property name="surefire.real.class.path" value="C:\Users\YCKJ1733\AppData\Local\Temp\surefire6533761659104774295\surefirebooter2695543236841171926.jar"/>
    <property name="sun.boot.class.path" value="C:\Program Files\java\jdk1.8.0_201\jre\lib\resources.jar;C:\Program Files\java\jdk1.8.0_201\jre\lib\rt.jar;C:\Program Files\java\jdk1.8.0_201\jre\lib\sunrsasign.jar;C:\Program Files\java\jdk1.8.0_201\jre\lib\jsse.jar;C:\Program Files\java\jdk1.8.0_201\jre\lib\jce.jar;C:\Program Files\java\jdk1.8.0_201\jre\lib\charsets.jar;C:\Program Files\java\jdk1.8.0_201\jre\lib\jfr.jar;C:\Program Files\java\jdk1.8.0_201\jre\classes"/>
    <property name="user.script" value=""/>
    <property name="sun.management.compiler" value="HotSpot 64-Bit Tiered Compilers"/>
    <property name="java.runtime.version" value="1.8.0_201-b09"/>
    <property name="user.name" value="YCKJ1733"/>
    <property name="path.separator" value=";"/>
    <property name="os.version" value="10.0"/>
    <property name="java.endorsed.dirs" value="C:\Program Files\java\jdk1.8.0_201\jre\lib\endorsed"/>
    <property name="java.runtime.name" value="Java(TM) SE Runtime Environment"/>
    <property name="file.encoding" value="GBK"/>
    <property name="java.vm.name" value="Java HotSpot(TM) 64-Bit Server VM"/>
    <property name="localRepository" value="C:\Users\YCKJ1733\.m2\repository"/>
    <property name="java.vendor.url.bug" value="http://bugreport.sun.com/bugreport/"/>
    <property name="java.io.tmpdir" value="C:\Users\YCKJ1733\AppData\Local\Temp\"/>
    <property name="idea.version" value="2018.3.5"/>
    <property name="java.version" value="1.8.0_201"/>
    <property name="user.dir" value="D:\workspace\shark\shark-portal"/>
    <property name="os.arch" value="amd64"/>
    <property name="java.vm.specification.name" value="Java Virtual Machine Specification"/>
    <property name="java.awt.printerjob" value="sun.awt.windows.WPrinterJob"/>
    <property name="sun.os.patch.level" value=""/>
    <property name="java.library.path" value="C:\Program Files\java\jdk1.8.0_201\jre\bin;C:\Windows\Sun\Java\bin;C:\Windows\system32;C:\Windows;C:\Program Files (x86)\NetSarang\Xshell 6\;D:\app\YCKJ1733\product\11.2.0\client_2;D:\app\YCKJ1733\product\11.2.0\client_1;C:\Program Files (x86)\Common Files\Oracle\Java\javapath;C:\Windows\system32;C:\Windows;C:\Windows\System32\Wbem;C:\Windows\System32\WindowsPowerShell\v1.0\;C:\Windows\System32\OpenSSH\;C:\Program Files\Git\cmd;D:\软件安装包\apache-tomcat-8.5.38\bin;D:\软件安装包\apache-tomcat-8.5.38\lib;C:\Program Files\java\jdk1.8.0_201\bin;C:\Program Files\java\jdk1.8.0_201\jre\bin;D:\software\apache-maven-3.6.0\bin;C:\Oracle\ora90\BIN\;C:\Program Files (x86)\Oracle\Instant Client\bin;C:\Program Files\Redis\;C:\Program Files\TortoiseGit\bin;C:\Users\YCKJ1733\AppData\Local\Microsoft\WindowsApps;;."/>
    <property name="java.vm.info" value="mixed mode"/>
    <property name="java.vendor" value="Oracle Corporation"/>
    <property name="java.vm.version" value="25.201-b09"/>
    <property name="java.ext.dirs" value="C:\Program Files\java\jdk1.8.0_201\jre\lib\ext;C:\Windows\Sun\Java\lib\ext"/>
    <property name="sun.io.unicode.encoding" value="UnicodeLittle"/>
    <property name="java.class.version" value="52.0"/>
  </properties>
  <testcase name="insert" classname="com.cloudwalk.shark.portal.SharkPortalTest" time="0.001">
    <error message="Failed to load ApplicationContext" type="java.lang.IllegalStateException">java.lang.IllegalStateException: Failed to load ApplicationContext
Caused by: java.lang.IllegalStateException: Neither GenericXmlContextLoader nor AnnotationConfigContextLoader was able to load an ApplicationContext from [MergedContextConfiguration@37f1104d testClass = SharkPortalTest, locations = '{}', classes = '{}', contextInitializerClasses = '[]', activeProfiles = '{}', propertySourceLocations = '{}', propertySourceProperties = '{}', contextCustomizers = set[[empty]], contextLoader = 'org.springframework.test.context.support.DelegatingSmartContextLoader', parent = [null]].
</error>
    <system-out><![CDATA[2019-06-06 14:16:34.633 INFO  org.springframework.test.context.support.DefaultTestContextBootstrapper - Neither @ContextConfiguration nor @ContextHierarchy found for test class [com.cloudwalk.shark.portal.SharkPortalTest], using DelegatingSmartContextLoader
2019-06-06 14:16:34.640 INFO  org.springframework.test.context.support.AbstractContextLoader - Could not detect default resource locations for test class [com.cloudwalk.shark.portal.SharkPortalTest]: no resource found for suffixes {-context.xml}.
2019-06-06 14:16:34.641 INFO  org.springframework.test.context.support.AnnotationConfigContextLoaderUtils - Could not detect default configuration classes for test class [com.cloudwalk.shark.portal.SharkPortalTest]: SharkPortalTest does not declare any static, non-private, non-final, nested classes annotated with @Configuration.
2019-06-06 14:16:34.666 INFO  org.springframework.test.context.support.DefaultTestContextBootstrapper - Loaded default TestExecutionListener class names from location [META-INF/spring.factories]: [org.springframework.test.context.web.ServletTestExecutionListener, org.springframework.test.context.support.DirtiesContextBeforeModesTestExecutionListener, org.springframework.test.context.support.DependencyInjectionTestExecutionListener, org.springframework.test.context.support.DirtiesContextTestExecutionListener, org.springframework.test.context.transaction.TransactionalTestExecutionListener, org.springframework.test.context.jdbc.SqlScriptsTestExecutionListener]
2019-06-06 14:16:34.783 INFO  org.springframework.test.context.support.DefaultTestContextBootstrapper - Using TestExecutionListeners: [org.springframework.test.context.web.ServletTestExecutionListener@291b4bf5, org.springframework.test.context.support.DirtiesContextBeforeModesTestExecutionListener@2d2ffcb7, org.springframework.test.context.support.DependencyInjectionTestExecutionListener@762ef0ea, org.springframework.test.context.support.DirtiesContextTestExecutionListener@31f9b85e, org.springframework.test.context.transaction.TransactionalTestExecutionListener@424e1977, org.springframework.test.context.jdbc.SqlScriptsTestExecutionListener@10d68fcd]
2019-06-06 14:16:34.794 ERROR org.springframework.test.context.TestContextManager - Caught exception while allowing TestExecutionListener [org.springframework.test.context.support.DependencyInjectionTestExecutionListener@762ef0ea] to prepare test instance [com.cloudwalk.shark.portal.SharkPortalTest@55740540]
java.lang.IllegalStateException: Failed to load ApplicationContext
	at org.springframework.test.context.cache.DefaultCacheAwareContextLoaderDelegate.loadContext(DefaultCacheAwareContextLoaderDelegate.java:125)
	at org.springframework.test.context.support.DefaultTestContext.getApplicationContext(DefaultTestContext.java:108)
	at org.springframework.test.context.support.DependencyInjectionTestExecutionListener.injectDependencies(DependencyInjectionTestExecutionListener.java:117)
	at org.springframework.test.context.support.DependencyInjectionTestExecutionListener.prepareTestInstance(DependencyInjectionTestExecutionListener.java:83)
	at org.springframework.test.context.TestContextManager.prepareTestInstance(TestContextManager.java:246)
	at org.springframework.test.context.junit4.SpringJUnit4ClassRunner.createTest(SpringJUnit4ClassRunner.java:227)
	at org.springframework.test.context.junit4.SpringJUnit4ClassRunner$1.runReflectiveCall(SpringJUnit4ClassRunner.java:289)
	at org.junit.internal.runners.model.ReflectiveCallable.run(ReflectiveCallable.java:12)
	at org.springframework.test.context.junit4.SpringJUnit4ClassRunner.methodBlock(SpringJUnit4ClassRunner.java:291)
	at org.springframework.test.context.junit4.SpringJUnit4ClassRunner.runChild(SpringJUnit4ClassRunner.java:246)
	at org.springframework.test.context.junit4.SpringJUnit4ClassRunner.runChild(SpringJUnit4ClassRunner.java:97)
	at org.junit.runners.ParentRunner$3.run(ParentRunner.java:290)
	at org.junit.runners.ParentRunner$1.schedule(ParentRunner.java:71)
	at org.junit.runners.ParentRunner.runChildren(ParentRunner.java:288)
	at org.junit.runners.ParentRunner.access$000(ParentRunner.java:58)
	at org.junit.runners.ParentRunner$2.evaluate(ParentRunner.java:268)
	at org.springframework.test.context.junit4.statements.RunBeforeTestClassCallbacks.evaluate(RunBeforeTestClassCallbacks.java:61)
	at org.springframework.test.context.junit4.statements.RunAfterTestClassCallbacks.evaluate(RunAfterTestClassCallbacks.java:70)
	at org.junit.runners.ParentRunner.run(ParentRunner.java:363)
	at org.springframework.test.context.junit4.SpringJUnit4ClassRunner.run(SpringJUnit4ClassRunner.java:190)
	at org.apache.maven.surefire.junit4.JUnit4Provider.execute(JUnit4Provider.java:365)
	at org.apache.maven.surefire.junit4.JUnit4Provider.executeWithRerun(JUnit4Provider.java:273)
	at org.apache.maven.surefire.junit4.JUnit4Provider.executeTestSet(JUnit4Provider.java:238)
	at org.apache.maven.surefire.junit4.JUnit4Provider.invoke(JUnit4Provider.java:159)
	at org.apache.maven.surefire.booter.ForkedBooter.invokeProviderInSameClassLoader(ForkedBooter.java:379)
	at org.apache.maven.surefire.booter.ForkedBooter.runSuitesInProcess(ForkedBooter.java:340)
	at org.apache.maven.surefire.booter.ForkedBooter.execute(ForkedBooter.java:125)
	at org.apache.maven.surefire.booter.ForkedBooter.main(ForkedBooter.java:413)
Caused by: java.lang.IllegalStateException: Neither GenericXmlContextLoader nor AnnotationConfigContextLoader was able to load an ApplicationContext from [MergedContextConfiguration@37f1104d testClass = SharkPortalTest, locations = '{}', classes = '{}', contextInitializerClasses = '[]', activeProfiles = '{}', propertySourceLocations = '{}', propertySourceProperties = '{}', contextCustomizers = set[[empty]], contextLoader = 'org.springframework.test.context.support.DelegatingSmartContextLoader', parent = [null]].
	at org.springframework.test.context.support.AbstractDelegatingSmartContextLoader.loadContext(AbstractDelegatingSmartContextLoader.java:255)
	at org.springframework.test.context.cache.DefaultCacheAwareContextLoaderDelegate.loadContextInternal(DefaultCacheAwareContextLoaderDelegate.java:99)
	at org.springframework.test.context.cache.DefaultCacheAwareContextLoaderDelegate.loadContext(DefaultCacheAwareContextLoaderDelegate.java:117)
	... 27 common frames omitted
]]></system-out>
  </testcase>
</testsuite>